Starting makeall uavp 
MPLAB C18 v3.36 (evaluation)
Copyright 2000-2010 Microchip Technology Inc.
Days remaining until evaluation becomes feature limited:  12
MPLAB C18 v3.36 (evaluation)
Copyright 2000-2010 Microchip Technology Inc.
Days remaining until evaluation becomes feature limited:  12
C:\Flight\Code\UAVX-GKE\stats.c:79:Warning [2054] suspicious pointer conversion
C:\Flight\Code\UAVX-GKE\stats.c:83:Warning [2054] suspicious pointer conversion
C:\Flight\Code\UAVX-GKE\stats.c:86:Warning [2054] suspicious pointer conversion
C:\Flight\Code\UAVX-GKE\stats.c:87:Warning [2054] suspicious pointer conversion
C:\Flight\Code\UAVX-GKE\stats.c:88:Warning [2054] suspicious pointer conversion
C:\Flight\Code\UAVX-GKE\stats.c:89:Warning [2054] suspicious pointer conversion
C:\Flight\Code\UAVX-GKE\stats.c:90:Warning [2054] suspicious pointer conversion
C:\Flight\Code\UAVX-GKE\stats.c:91:Warning [2054] suspicious pointer conversion
C:\Flight\Code\UAVX-GKE\stats.c:92:Warning [2054] suspicious pointer conversion
C:\Flight\Code\UAVX-GKE\stats.c:95:Warning [2054] suspicious pointer conversion
C:\Flight\Code\UAVX-GKE\stats.c:97:Warning [2054] suspicious pointer conversion
C:\Flight\Code\UAVX-GKE\stats.c:98:Warning [2054] suspicious pointer conversion
C:\Flight\Code\UAVX-GKE\stats.c:100:Warning [2054] suspicious pointer conversion
C:\Flight\Code\UAVX-GKE\stats.c:101:Warning [2054] suspicious pointer conversion
C:\Flight\Code\UAVX-GKE\stats.c:101:Warning [2054] suspicious pointer conversion
C:\Flight\Code\UAVX-GKE\stats.c:104:Warning [2054] suspicious pointer conversion
C:\Flight\Code\UAVX-GKE\stats.c:105:Warning [2054] suspicious pointer conversion
C:\Flight\Code\UAVX-GKE\stats.c:110:Warning [2054] suspicious pointer conversion
C:\Flight\Code\UAVX-GKE\stats.c:111:Warning [2054] suspicious pointer conversion
C:\Flight\Code\UAVX-GKE\stats.c:114:Warning [2054] suspicious pointer conversion
C:\Flight\Code\UAVX-GKE\stats.c:115:Warning [2054] suspicious pointer conversion
C:\Flight\Code\UAVX-GKE\stats.c:115:Warning [2054] suspicious pointer conversion
C:\Flight\Code\UAVX-GKE\stats.c:117:Warning [2054] suspicious pointer conversion
C:\Flight\Code\UAVX-GKE\stats.c:117:Warning [2054] suspicious pointer conversion
C:\Flight\Code\UAVX-GKE\stats.c:122:Warning [2054] suspicious pointer conversion
C:\Flight\Code\UAVX-GKE\stats.c:128:Warning [2054] suspicious pointer conversion
C:\Flight\Code\UAVX-GKE\stats.c:133:Warning [2054] suspicious pointer conversion
C:\Flight\Code\UAVX-GKE\stats.c:135:Warning [2054] suspicious pointer conversion
MPLAB C18 v3.36 (evaluation)
Copyright 2000-2010 Microchip Technology Inc.
Days remaining until evaluation becomes feature limited:  12
MPLAB C18 v3.36 (evaluation)
Copyright 2000-2010 Microchip Technology Inc.
Days remaining until evaluation becomes feature limited:  12
MPLAB C18 v3.36 (evaluation)
Copyright 2000-2010 Microchip Technology Inc.
Days remaining until evaluation becomes feature limited:  12
C:\Flight\Code\UAVX-GKE\params.c:177:Warning [2054] suspicious pointer conversion
C:\Flight\Code\UAVX-GKE\params.c:178:Warning [2054] suspicious pointer conversion
MPLAB C18 v3.36 (evaluation)
Copyright 2000-2010 Microchip Technology Inc.
Days remaining until evaluation becomes feature limited:  12
C:\Flight\Code\UAVX-GKE\accel.c:55:Warning [2054] suspicious pointer conversion
C:\Flight\Code\UAVX-GKE\accel.c:58:Warning [2054] suspicious pointer conversion
C:\Flight\Code\UAVX-GKE\accel.c:61:Warning [2054] suspicious pointer conversion
C:\Flight\Code\UAVX-GKE\accel.c:205:Warning [2054] suspicious pointer conversion
C:\Flight\Code\UAVX-GKE\accel.c:414:Message [3004] comparison of a signed integer to an unsigned integer detected
MPLAB C18 v3.36 (evaluation)
Copyright 2000-2010 Microchip Technology Inc.
Days remaining until evaluation becomes feature limited:  12
MPLAB C18 v3.36 (evaluation)
Copyright 2000-2010 Microchip Technology Inc.
Days remaining until evaluation becomes feature limited:  12
MPLAB C18 v3.36 (evaluation)
Copyright 2000-2010 Microchip Technology Inc.
Days remaining until evaluation becomes feature limited:  12
C:\Flight\Code\UAVX-GKE\irq.c:259:Message [3004] comparison of a signed integer to an unsigned integer detected
MPLAB C18 v3.36 (evaluation)
Copyright 2000-2010 Microchip Technology Inc.
Days remaining until evaluation becomes feature limited:  12
C:\Flight\Code\UAVX-GKE\menu.c:78:Warning [2054] suspicious pointer conversion
C:\Flight\Code\UAVX-GKE\menu.c:85:Warning [2054] suspicious pointer conversion
C:\Flight\Code\UAVX-GKE\menu.c:87:Warning [2054] suspicious pointer conversion
C:\Flight\Code\UAVX-GKE\menu.c:89:Warning [2054] suspicious pointer conversion
C:\Flight\Code\UAVX-GKE\menu.c:107:Warning [2054] suspicious pointer conversion
C:\Flight\Code\UAVX-GKE\menu.c:112:Warning [2054] suspicious pointer conversion
C:\Flight\Code\UAVX-GKE\menu.c:114:Warning [2054] suspicious pointer conversion
C:\Flight\Code\UAVX-GKE\menu.c:115:Warning [2054] suspicious pointer conversion
C:\Flight\Code\UAVX-GKE\menu.c:116:Warning [2054] suspicious pointer conversion
C:\Flight\Code\UAVX-GKE\menu.c:117:Warning [2054] suspicious pointer conversion
C:\Flight\Code\UAVX-GKE\menu.c:118:Warning [2054] suspicious pointer conversion
C:\Flight\Code\UAVX-GKE\menu.c:119:Warning [2054] suspicious pointer conversion
C:\Flight\Code\UAVX-GKE\menu.c:120:Warning [2054] suspicious pointer conversion
C:\Flight\Code\UAVX-GKE\menu.c:121:Warning [2054] suspicious pointer conversion
C:\Flight\Code\UAVX-GKE\menu.c:126:Warning [2054] suspicious pointer conversion
C:\Flight\Code\UAVX-GKE\menu.c:128:Warning [2054] suspicious pointer conversion
C:\Flight\Code\UAVX-GKE\menu.c:131:Warning [2054] suspicious pointer conversion
C:\Flight\Code\UAVX-GKE\menu.c:135:Warning [2054] suspicious pointer conversion
C:\Flight\Code\UAVX-GKE\menu.c:137:Warning [2054] suspicious pointer conversion
C:\Flight\Code\UAVX-GKE\menu.c:140:Warning [2054] suspicious pointer conversion
C:\Flight\Code\UAVX-GKE\menu.c:143:Warning [2054] suspicious pointer conversion
C:\Flight\Code\UAVX-GKE\menu.c:145:Warning [2054] suspicious pointer conversion
C:\Flight\Code\UAVX-GKE\menu.c:147:Warning [2054] suspicious pointer conversion
C:\Flight\Code\UAVX-GKE\menu.c:151:Warning [2054] suspicious pointer conversion
C:\Flight\Code\UAVX-GKE\menu.c:153:Warning [2054] suspicious pointer conversion
C:\Flight\Code\UAVX-GKE\menu.c:154:Warning [2054] suspicious pointer conversion
C:\Flight\Code\UAVX-GKE\menu.c:155:Warning [2054] suspicious pointer conversion
C:\Flight\Code\UAVX-GKE\menu.c:156:Warning [2054] suspicious pointer conversion
C:\Flight\Code\UAVX-GKE\menu.c:163:Warning [2054] suspicious pointer conversion
C:\Flight\Code\UAVX-GKE\menu.c:165:Warning [2054] suspicious pointer conversion
C:\Flight\Code\UAVX-GKE\menu.c:166:Warning [2054] suspicious pointer conversion
C:\Flight\Code\UAVX-GKE\menu.c:174:Warning [2054] suspicious pointer conversion
C:\Flight\Code\UAVX-GKE\menu.c:177:Warning [2054] suspicious pointer conversion
C:\Flight\Code\UAVX-GKE\menu.c:178:Warning [2054] suspicious pointer conversion
C:\Flight\Code\UAVX-GKE\menu.c:179:Warning [2054] suspicious pointer conversion
C:\Flight\Code\UAVX-GKE\menu.c:180:Warning [2054] suspicious pointer conversion
C:\Flight\Code\UAVX-GKE\menu.c:181:Warning [2054] suspicious pointer conversion
C:\Flight\Code\UAVX-GKE\menu.c:182:Warning [2054] suspicious pointer conversion
C:\Flight\Code\UAVX-GKE\menu.c:183:Warning [2054] suspicious pointer conversion
C:\Flight\Code\UAVX-GKE\menu.c:184:Warning [2054] suspicious pointer conversion
C:\Flight\Code\UAVX-GKE\menu.c:185:Warning [2054] suspicious pointer conversion
C:\Flight\Code\UAVX-GKE\menu.c:186:Warning [2054] suspicious pointer conversion
C:\Flight\Code\UAVX-GKE\menu.c:187:Warning [2054] suspicious pointer conversion
C:\Flight\Code\UAVX-GKE\menu.c:188:Warning [2054] suspicious pointer conversion
C:\Flight\Code\UAVX-GKE\menu.c:189:Warning [2054] suspicious pointer conversion
C:\Flight\Code\UAVX-GKE\menu.c:190:Warning [2054] suspicious pointer conversion
C:\Flight\Code\UAVX-GKE\menu.c:191:Warning [2054] suspicious pointer conversion
C:\Flight\Code\UAVX-GKE\menu.c:192:Warning [2054] suspicious pointer conversion
C:\Flight\Code\UAVX-GKE\menu.c:202:Warning [2054] suspicious pointer conversion
C:\Flight\Code\UAVX-GKE\menu.c:212:Warning [2054] suspicious pointer conversion
C:\Flight\Code\UAVX-GKE\menu.c:214:Warning [2054] suspicious pointer conversion
C:\Flight\Code\UAVX-GKE\menu.c:216:Warning [2054] suspicious pointer conversion
C:\Flight\Code\UAVX-GKE\menu.c:219:Warning [2054] suspicious pointer conversion
C:\Flight\Code\UAVX-GKE\menu.c:223:Warning [2054] suspicious pointer conversion
C:\Flight\Code\UAVX-GKE\menu.c:225:Warning [2054] suspicious pointer conversion
C:\Flight\Code\UAVX-GKE\menu.c:227:Warning [2054] suspicious pointer conversion
C:\Flight\Code\UAVX-GKE\menu.c:229:Warning [2054] suspicious pointer conversion
C:\Flight\Code\UAVX-GKE\menu.c:231:Warning [2054] suspicious pointer conversion
C:\Flight\Code\UAVX-GKE\menu.c:234:Warning [2054] suspicious pointer conversion
C:\Flight\Code\UAVX-GKE\menu.c:236:Warning [2054] suspicious pointer conversion
C:\Flight\Code\UAVX-GKE\menu.c:239:Warning [2054] suspicious pointer conversion
C:\Flight\Code\UAVX-GKE\menu.c:241:Warning [2054] suspicious pointer conversion
C:\Flight\Code\UAVX-GKE\menu.c:243:Warning [2054] suspicious pointer conversion
C:\Flight\Code\UAVX-GKE\menu.c:249:Warning [2054] suspicious pointer conversion
C:\Flight\Code\UAVX-GKE\menu.c:252:Warning [2054] suspicious pointer conversion
C:\Flight\Code\UAVX-GKE\menu.c:254:Warning [2054] suspicious pointer conversion
C:\Flight\Code\UAVX-GKE\menu.c:258:Warning [2054] suspicious pointer conversion
C:\Flight\Code\UAVX-GKE\menu.c:260:Warning [2054] suspicious pointer conversion
C:\Flight\Code\UAVX-GKE\menu.c:263:Warning [2054] suspicious pointer conversion
C:\Flight\Code\UAVX-GKE\menu.c:269:Warning [2054] suspicious pointer conversion
C:\Flight\Code\UAVX-GKE\menu.c:273:Warning [2054] suspicious pointer conversion
C:\Flight\Code\UAVX-GKE\menu.c:276:Warning [2054] suspicious pointer conversion
C:\Flight\Code\UAVX-GKE\menu.c:278:Warning [2054] suspicious pointer conversion
C:\Flight\Code\UAVX-GKE\menu.c:281:Warning [2054] suspicious pointer conversion
C:\Flight\Code\UAVX-GKE\menu.c:284:Warning [2054] suspicious pointer conversion
C:\Flight\Code\UAVX-GKE\menu.c:301:Warning [2058] call of function without prototype
C:\Flight\Code\UAVX-GKE\menu.c:302:Warning [2058] call of function without prototype
C:\Flight\Code\UAVX-GKE\menu.c:320:Warning [2054] suspicious pointer conversion
C:\Flight\Code\UAVX-GKE\menu.c:325:Warning [2054] suspicious pointer conversion
C:\Flight\Code\UAVX-GKE\menu.c:327:Warning [2054] suspicious pointer conversion
C:\Flight\Code\UAVX-GKE\menu.c:335:Warning [2054] suspicious pointer conversion
C:\Flight\Code\UAVX-GKE\menu.c:344:Warning [2054] suspicious pointer conversion
C:\Flight\Code\UAVX-GKE\menu.c:367:Warning [2054] suspicious pointer conversion
C:\Flight\Code\UAVX-GKE\menu.c:370:Warning [2054] suspicious pointer conversion
C:\Flight\Code\UAVX-GKE\menu.c:373:Warning [2054] suspicious pointer conversion
C:\Flight\Code\UAVX-GKE\menu.c:391:Warning [2054] suspicious pointer conversion
C:\Flight\Code\UAVX-GKE\menu.c:392:Warning [2054] suspicious pointer conversion
C:\Flight\Code\UAVX-GKE\menu.c:393:Warning [2054] suspicious pointer conversion
C:\Flight\Code\UAVX-GKE\menu.c:394:Warning [2054] suspicious pointer conversion
C:\Flight\Code\UAVX-GKE\menu.c:395:Warning [2054] suspicious pointer conversion
C:\Flight\Code\UAVX-GKE\menu.c:396:Warning [2054] suspicious pointer conversion
C:\Flight\Code\UAVX-GKE\menu.c:397:Warning [2054] suspicious pointer conversion
MPLAB C18 v3.36 (evaluation)
Copyright 2000-2010 Microchip Technology Inc.
Days remaining until evaluation becomes feature limited:  12
MPLAB C18 v3.36 (evaluation)
Copyright 2000-2010 Microchip Technology Inc.
Days remaining until evaluation becomes feature limited:  12
MPLAB C18 v3.36 (evaluation)
Copyright 2000-2010 Microchip Technology Inc.
Days remaining until evaluation becomes feature limited:  12
C:\Flight\Code\UAVX-GKE\baro.c:601:Warning [2054] suspicious pointer conversion
C:\Flight\Code\UAVX-GKE\baro.c:602:Warning [2054] suspicious pointer conversion
C:\Flight\Code\UAVX-GKE\baro.c:603:Warning [2054] suspicious pointer conversion
C:\Flight\Code\UAVX-GKE\baro.c:604:Warning [2054] suspicious pointer conversion
MPLAB C18 v3.36 (evaluation)
Copyright 2000-2010 Microchip Technology Inc.
Days remaining until evaluation becomes feature limited:  12
C:\Flight\Code\UAVX-GKE\gyro.c:140:Warning [2054] suspicious pointer conversion
C:\Flight\Code\UAVX-GKE\gyro.c:143:Warning [2054] suspicious pointer conversion
C:\Flight\Code\UAVX-GKE\gyro.c:146:Warning [2054] suspicious pointer conversion
C:\Flight\Code\UAVX-GKE\gyro.c:149:Warning [2054] suspicious pointer conversion
C:\Flight\Code\UAVX-GKE\gyro.c:152:Warning [2054] suspicious pointer conversion
C:\Flight\Code\UAVX-GKE\gyro.c:155:Warning [2054] suspicious pointer conversion
C:\Flight\Code\UAVX-GKE\gyro.c:158:Warning [2054] suspicious pointer conversion
C:\Flight\Code\UAVX-GKE\gyro.c:161:Warning [2054] suspicious pointer conversion
MPLAB C18 v3.36 (evaluation)
Copyright 2000-2010 Microchip Technology Inc.
Days remaining until evaluation becomes feature limited:  12
C:\Flight\Code\UAVX-GKE\tests.c:187:Warning [2054] suspicious pointer conversion
C:\Flight\Code\UAVX-GKE\tests.c:191:Warning [2054] suspicious pointer conversion
C:\Flight\Code\UAVX-GKE\tests.c:193:Warning [2054] suspicious pointer conversion
MPLAB C18 v3.36 (evaluation)
Copyright 2000-2010 Microchip Technology Inc.
Days remaining until evaluation becomes feature limited:  12
MPLAB C18 v3.36 (evaluation)
Copyright 2000-2010 Microchip Technology Inc.
Days remaining until evaluation becomes feature limited:  12
MPLAB C18 v3.36 (evaluation)
Copyright 2000-2010 Microchip Technology Inc.
Days remaining until evaluation becomes feature limited:  12
MPLAB C18 v3.36 (evaluation)
Copyright 2000-2010 Microchip Technology Inc.
Days remaining until evaluation becomes feature limited:  12
MPLAB C18 v3.36 (evaluation)
Copyright 2000-2010 Microchip Technology Inc.
Days remaining until evaluation becomes feature limited:  12
MPLAB C18 v3.36 (evaluation)
Copyright 2000-2010 Microchip Technology Inc.
Days remaining until evaluation becomes feature limited:  12
MPLAB C18 v3.36 (evaluation)
Copyright 2000-2010 Microchip Technology Inc.
Days remaining until evaluation becomes feature limited:  12
MPLAB C18 v3.36 (evaluation)
Copyright 2000-2010 Microchip Technology Inc.
Days remaining until evaluation becomes feature limited:  12
MPLAB C18 v3.36 (evaluation)
Copyright 2000-2010 Microchip Technology Inc.
Days remaining until evaluation becomes feature limited:  12
MPLAB C18 v3.36 (evaluation)
Copyright 2000-2010 Microchip Technology Inc.
Days remaining until evaluation becomes feature limited:  12
C:\Flight\Code\UAVX-GKE\outputs.c:334:Warning [2054] suspicious pointer conversion
MPLINK 4.37, Linker
Copyright (c) 1998-2010 Microchip Technology Inc.
Errors    : 0

MP2HEX 4.37, COFF to HEX File Converter
Copyright (c) 1998-2010 Microchip Technology Inc.
Errors    : 0

MPLAB C18 v3.36 (evaluation)
Copyright 2000-2010 Microchip Technology Inc.
Days remaining until evaluation becomes feature limited:  12
MPLAB C18 v3.36 (evaluation)
Copyright 2000-2010 Microchip Technology Inc.
Days remaining until evaluation becomes feature limited:  12
C:\Flight\Code\UAVX-GKE\stats.c:79:Warning [2054] suspicious pointer conversion
C:\Flight\Code\UAVX-GKE\stats.c:83:Warning [2054] suspicious pointer conversion
C:\Flight\Code\UAVX-GKE\stats.c:86:Warning [2054] suspicious pointer conversion
C:\Flight\Code\UAVX-GKE\stats.c:87:Warning [2054] suspicious pointer conversion
C:\Flight\Code\UAVX-GKE\stats.c:88:Warning [2054] suspicious pointer conversion
C:\Flight\Code\UAVX-GKE\stats.c:89:Warning [2054] suspicious pointer conversion
C:\Flight\Code\UAVX-GKE\stats.c:90:Warning [2054] suspicious pointer conversion
C:\Flight\Code\UAVX-GKE\stats.c:91:Warning [2054] suspicious pointer conversion
C:\Flight\Code\UAVX-GKE\stats.c:92:Warning [2054] suspicious pointer conversion
C:\Flight\Code\UAVX-GKE\stats.c:95:Warning [2054] suspicious pointer conversion
C:\Flight\Code\UAVX-GKE\stats.c:97:Warning [2054] suspicious pointer conversion
C:\Flight\Code\UAVX-GKE\stats.c:98:Warning [2054] suspicious pointer conversion
C:\Flight\Code\UAVX-GKE\stats.c:100:Warning [2054] suspicious pointer conversion
C:\Flight\Code\UAVX-GKE\stats.c:101:Warning [2054] suspicious pointer conversion
C:\Flight\Code\UAVX-GKE\stats.c:101:Warning [2054] suspicious pointer conversion
C:\Flight\Code\UAVX-GKE\stats.c:104:Warning [2054] suspicious pointer conversion
C:\Flight\Code\UAVX-GKE\stats.c:105:Warning [2054] suspicious pointer conversion
C:\Flight\Code\UAVX-GKE\stats.c:110:Warning [2054] suspicious pointer conversion
C:\Flight\Code\UAVX-GKE\stats.c:111:Warning [2054] suspicious pointer conversion
C:\Flight\Code\UAVX-GKE\stats.c:114:Warning [2054] suspicious pointer conversion
C:\Flight\Code\UAVX-GKE\stats.c:115:Warning [2054] suspicious pointer conversion
C:\Flight\Code\UAVX-GKE\stats.c:115:Warning [2054] suspicious pointer conversion
C:\Flight\Code\UAVX-GKE\stats.c:117:Warning [2054] suspicious pointer conversion
C:\Flight\Code\UAVX-GKE\stats.c:117:Warning [2054] suspicious pointer conversion
C:\Flight\Code\UAVX-GKE\stats.c:122:Warning [2054] suspicious pointer conversion
C:\Flight\Code\UAVX-GKE\stats.c:128:Warning [2054] suspicious pointer conversion
C:\Flight\Code\UAVX-GKE\stats.c:133:Warning [2054] suspicious pointer conversion
C:\Flight\Code\UAVX-GKE\stats.c:135:Warning [2054] suspicious pointer conversion
MPLAB C18 v3.36 (evaluation)
Copyright 2000-2010 Microchip Technology Inc.
Days remaining until evaluation becomes feature limited:  12
MPLAB C18 v3.36 (evaluation)
Copyright 2000-2010 Microchip Technology Inc.
Days remaining until evaluation becomes feature limited:  12
MPLAB C18 v3.36 (evaluation)
Copyright 2000-2010 Microchip Technology Inc.
Days remaining until evaluation becomes feature limited:  12
C:\Flight\Code\UAVX-GKE\params.c:177:Warning [2054] suspicious pointer conversion
C:\Flight\Code\UAVX-GKE\params.c:178:Warning [2054] suspicious pointer conversion
MPLAB C18 v3.36 (evaluation)
Copyright 2000-2010 Microchip Technology Inc.
Days remaining until evaluation becomes feature limited:  12
C:\Flight\Code\UAVX-GKE\accel.c:55:Warning [2054] suspicious pointer conversion
C:\Flight\Code\UAVX-GKE\accel.c:58:Warning [2054] suspicious pointer conversion
C:\Flight\Code\UAVX-GKE\accel.c:61:Warning [2054] suspicious pointer conversion
C:\Flight\Code\UAVX-GKE\accel.c:205:Warning [2054] suspicious pointer conversion
C:\Flight\Code\UAVX-GKE\accel.c:414:Message [3004] comparison of a signed integer to an unsigned integer detected
MPLAB C18 v3.36 (evaluation)
Copyright 2000-2010 Microchip Technology Inc.
Days remaining until evaluation becomes feature limited:  12
MPLAB C18 v3.36 (evaluation)
Copyright 2000-2010 Microchip Technology Inc.
Days remaining until evaluation becomes feature limited:  12
MPLAB C18 v3.36 (evaluation)
Copyright 2000-2010 Microchip Technology Inc.
Days remaining until evaluation becomes feature limited:  12
C:\Flight\Code\UAVX-GKE\irq.c:259:Message [3004] comparison of a signed integer to an unsigned integer detected
MPLAB C18 v3.36 (evaluation)
Copyright 2000-2010 Microchip Technology Inc.
Days remaining until evaluation becomes feature limited:  12
C:\Flight\Code\UAVX-GKE\menu.c:78:Warning [2054] suspicious pointer conversion
C:\Flight\Code\UAVX-GKE\menu.c:85:Warning [2054] suspicious pointer conversion
C:\Flight\Code\UAVX-GKE\menu.c:87:Warning [2054] suspicious pointer conversion
C:\Flight\Code\UAVX-GKE\menu.c:89:Warning [2054] suspicious pointer conversion
C:\Flight\Code\UAVX-GKE\menu.c:107:Warning [2054] suspicious pointer conversion
C:\Flight\Code\UAVX-GKE\menu.c:112:Warning [2054] suspicious pointer conversion
C:\Flight\Code\UAVX-GKE\menu.c:114:Warning [2054] suspicious pointer conversion
C:\Flight\Code\UAVX-GKE\menu.c:115:Warning [2054] suspicious pointer conversion
C:\Flight\Code\UAVX-GKE\menu.c:116:Warning [2054] suspicious pointer conversion
C:\Flight\Code\UAVX-GKE\menu.c:117:Warning [2054] suspicious pointer conversion
C:\Flight\Code\UAVX-GKE\menu.c:118:Warning [2054] suspicious pointer conversion
C:\Flight\Code\UAVX-GKE\menu.c:119:Warning [2054] suspicious pointer conversion
C:\Flight\Code\UAVX-GKE\menu.c:120:Warning [2054] suspicious pointer conversion
C:\Flight\Code\UAVX-GKE\menu.c:121:Warning [2054] suspicious pointer conversion
C:\Flight\Code\UAVX-GKE\menu.c:126:Warning [2054] suspicious pointer conversion
C:\Flight\Code\UAVX-GKE\menu.c:128:Warning [2054] suspicious pointer conversion
C:\Flight\Code\UAVX-GKE\menu.c:131:Warning [2054] suspicious pointer conversion
C:\Flight\Code\UAVX-GKE\menu.c:135:Warning [2054] suspicious pointer conversion
C:\Flight\Code\UAVX-GKE\menu.c:137:Warning [2054] suspicious pointer conversion
C:\Flight\Code\UAVX-GKE\menu.c:140:Warning [2054] suspicious pointer conversion
C:\Flight\Code\UAVX-GKE\menu.c:143:Warning [2054] suspicious pointer conversion
C:\Flight\Code\UAVX-GKE\menu.c:145:Warning [2054] suspicious pointer conversion
C:\Flight\Code\UAVX-GKE\menu.c:147:Warning [2054] suspicious pointer conversion
C:\Flight\Code\UAVX-GKE\menu.c:151:Warning [2054] suspicious pointer conversion
C:\Flight\Code\UAVX-GKE\menu.c:153:Warning [2054] suspicious pointer conversion
C:\Flight\Code\UAVX-GKE\menu.c:154:Warning [2054] suspicious pointer conversion
C:\Flight\Code\UAVX-GKE\menu.c:155:Warning [2054] suspicious pointer conversion
C:\Flight\Code\UAVX-GKE\menu.c:156:Warning [2054] suspicious pointer conversion
C:\Flight\Code\UAVX-GKE\menu.c:163:Warning [2054] suspicious pointer conversion
C:\Flight\Code\UAVX-GKE\menu.c:165:Warning [2054] suspicious pointer conversion
C:\Flight\Code\UAVX-GKE\menu.c:166:Warning [2054] suspicious pointer conversion
C:\Flight\Code\UAVX-GKE\menu.c:174:Warning [2054] suspicious pointer conversion
C:\Flight\Code\UAVX-GKE\menu.c:177:Warning [2054] suspicious pointer conversion
C:\Flight\Code\UAVX-GKE\menu.c:178:Warning [2054] suspicious pointer conversion
C:\Flight\Code\UAVX-GKE\menu.c:179:Warning [2054] suspicious pointer conversion
C:\Flight\Code\UAVX-GKE\menu.c:180:Warning [2054] suspicious pointer conversion
C:\Flight\Code\UAVX-GKE\menu.c:181:Warning [2054] suspicious pointer conversion
C:\Flight\Code\UAVX-GKE\menu.c:182:Warning [2054] suspicious pointer conversion
C:\Flight\Code\UAVX-GKE\menu.c:183:Warning [2054] suspicious pointer conversion
C:\Flight\Code\UAVX-GKE\menu.c:184:Warning [2054] suspicious pointer conversion
C:\Flight\Code\UAVX-GKE\menu.c:185:Warning [2054] suspicious pointer conversion
C:\Flight\Code\UAVX-GKE\menu.c:186:Warning [2054] suspicious pointer conversion
C:\Flight\Code\UAVX-GKE\menu.c:187:Warning [2054] suspicious pointer conversion
C:\Flight\Code\UAVX-GKE\menu.c:188:Warning [2054] suspicious pointer conversion
C:\Flight\Code\UAVX-GKE\menu.c:189:Warning [2054] suspicious pointer conversion
C:\Flight\Code\UAVX-GKE\menu.c:190:Warning [2054] suspicious pointer conversion
C:\Flight\Code\UAVX-GKE\menu.c:191:Warning [2054] suspicious pointer conversion
C:\Flight\Code\UAVX-GKE\menu.c:192:Warning [2054] suspicious pointer conversion
C:\Flight\Code\UAVX-GKE\menu.c:202:Warning [2054] suspicious pointer conversion
C:\Flight\Code\UAVX-GKE\menu.c:212:Warning [2054] suspicious pointer conversion
C:\Flight\Code\UAVX-GKE\menu.c:214:Warning [2054] suspicious pointer conversion
C:\Flight\Code\UAVX-GKE\menu.c:216:Warning [2054] suspicious pointer conversion
C:\Flight\Code\UAVX-GKE\menu.c:219:Warning [2054] suspicious pointer conversion
C:\Flight\Code\UAVX-GKE\menu.c:223:Warning [2054] suspicious pointer conversion
C:\Flight\Code\UAVX-GKE\menu.c:225:Warning [2054] suspicious pointer conversion
C:\Flight\Code\UAVX-GKE\menu.c:227:Warning [2054] suspicious pointer conversion
C:\Flight\Code\UAVX-GKE\menu.c:229:Warning [2054] suspicious pointer conversion
C:\Flight\Code\UAVX-GKE\menu.c:231:Warning [2054] suspicious pointer conversion
C:\Flight\Code\UAVX-GKE\menu.c:234:Warning [2054] suspicious pointer conversion
C:\Flight\Code\UAVX-GKE\menu.c:236:Warning [2054] suspicious pointer conversion
C:\Flight\Code\UAVX-GKE\menu.c:239:Warning [2054] suspicious pointer conversion
C:\Flight\Code\UAVX-GKE\menu.c:241:Warning [2054] suspicious pointer conversion
C:\Flight\Code\UAVX-GKE\menu.c:243:Warning [2054] suspicious pointer conversion
C:\Flight\Code\UAVX-GKE\menu.c:249:Warning [2054] suspicious pointer conversion
C:\Flight\Code\UAVX-GKE\menu.c:252:Warning [2054] suspicious pointer conversion
C:\Flight\Code\UAVX-GKE\menu.c:254:Warning [2054] suspicious pointer conversion
C:\Flight\Code\UAVX-GKE\menu.c:258:Warning [2054] suspicious pointer conversion
C:\Flight\Code\UAVX-GKE\menu.c:260:Warning [2054] suspicious pointer conversion
C:\Flight\Code\UAVX-GKE\menu.c:263:Warning [2054] suspicious pointer conversion
C:\Flight\Code\UAVX-GKE\menu.c:269:Warning [2054] suspicious pointer conversion
C:\Flight\Code\UAVX-GKE\menu.c:273:Warning [2054] suspicious pointer conversion
C:\Flight\Code\UAVX-GKE\menu.c:276:Warning [2054] suspicious pointer conversion
C:\Flight\Code\UAVX-GKE\menu.c:278:Warning [2054] suspicious pointer conversion
C:\Flight\Code\UAVX-GKE\menu.c:281:Warning [2054] suspicious pointer conversion
C:\Flight\Code\UAVX-GKE\menu.c:284:Warning [2054] suspicious pointer conversion
C:\Flight\Code\UAVX-GKE\menu.c:301:Warning [2058] call of function without prototype
C:\Flight\Code\UAVX-GKE\menu.c:302:Warning [2058] call of function without prototype
C:\Flight\Code\UAVX-GKE\menu.c:320:Warning [2054] suspicious pointer conversion
C:\Flight\Code\UAVX-GKE\menu.c:325:Warning [2054] suspicious pointer conversion
C:\Flight\Code\UAVX-GKE\menu.c:327:Warning [2054] suspicious pointer conversion
C:\Flight\Code\UAVX-GKE\menu.c:335:Warning [2054] suspicious pointer conversion
C:\Flight\Code\UAVX-GKE\menu.c:344:Warning [2054] suspicious pointer conversion
C:\Flight\Code\UAVX-GKE\menu.c:367:Warning [2054] suspicious pointer conversion
C:\Flight\Code\UAVX-GKE\menu.c:370:Warning [2054] suspicious pointer conversion
C:\Flight\Code\UAVX-GKE\menu.c:373:Warning [2054] suspicious pointer conversion
C:\Flight\Code\UAVX-GKE\menu.c:391:Warning [2054] suspicious pointer conversion
C:\Flight\Code\UAVX-GKE\menu.c:392:Warning [2054] suspicious pointer conversion
C:\Flight\Code\UAVX-GKE\menu.c:393:Warning [2054] suspicious pointer conversion
C:\Flight\Code\UAVX-GKE\menu.c:394:Warning [2054] suspicious pointer conversion
C:\Flight\Code\UAVX-GKE\menu.c:395:Warning [2054] suspicious pointer conversion
C:\Flight\Code\UAVX-GKE\menu.c:396:Warning [2054] suspicious pointer conversion
C:\Flight\Code\UAVX-GKE\menu.c:397:Warning [2054] suspicious pointer conversion
MPLAB C18 v3.36 (evaluation)
Copyright 2000-2010 Microchip Technology Inc.
Days remaining until evaluation becomes feature limited:  12
MPLAB C18 v3.36 (evaluation)
Copyright 2000-2010 Microchip Technology Inc.
Days remaining until evaluation becomes feature limited:  12
MPLAB C18 v3.36 (evaluation)
Copyright 2000-2010 Microchip Technology Inc.
Days remaining until evaluation becomes feature limited:  12
C:\Flight\Code\UAVX-GKE\baro.c:601:Warning [2054] suspicious pointer conversion
C:\Flight\Code\UAVX-GKE\baro.c:602:Warning [2054] suspicious pointer conversion
C:\Flight\Code\UAVX-GKE\baro.c:603:Warning [2054] suspicious pointer conversion
C:\Flight\Code\UAVX-GKE\baro.c:604:Warning [2054] suspicious pointer conversion
MPLAB C18 v3.36 (evaluation)
Copyright 2000-2010 Microchip Technology Inc.
Days remaining until evaluation becomes feature limited:  12
C:\Flight\Code\UAVX-GKE\gyro.c:140:Warning [2054] suspicious pointer conversion
C:\Flight\Code\UAVX-GKE\gyro.c:143:Warning [2054] suspicious pointer conversion
C:\Flight\Code\UAVX-GKE\gyro.c:146:Warning [2054] suspicious pointer conversion
C:\Flight\Code\UAVX-GKE\gyro.c:149:Warning [2054] suspicious pointer conversion
C:\Flight\Code\UAVX-GKE\gyro.c:152:Warning [2054] suspicious pointer conversion
C:\Flight\Code\UAVX-GKE\gyro.c:155:Warning [2054] suspicious pointer conversion
C:\Flight\Code\UAVX-GKE\gyro.c:158:Warning [2054] suspicious pointer conversion
C:\Flight\Code\UAVX-GKE\gyro.c:161:Warning [2054] suspicious pointer conversion
MPLAB C18 v3.36 (evaluation)
Copyright 2000-2010 Microchip Technology Inc.
Days remaining until evaluation becomes feature limited:  12
C:\Flight\Code\UAVX-GKE\tests.c:187:Warning [2054] suspicious pointer conversion
C:\Flight\Code\UAVX-GKE\tests.c:191:Warning [2054] suspicious pointer conversion
C:\Flight\Code\UAVX-GKE\tests.c:193:Warning [2054] suspicious pointer conversion
MPLAB C18 v3.36 (evaluation)
Copyright 2000-2010 Microchip Technology Inc.
Days remaining until evaluation becomes feature limited:  12
MPLAB C18 v3.36 (evaluation)
Copyright 2000-2010 Microchip Technology Inc.
Days remaining until evaluation becomes feature limited:  12
MPLAB C18 v3.36 (evaluation)
Copyright 2000-2010 Microchip Technology Inc.
Days remaining until evaluation becomes feature limited:  12
MPLAB C18 v3.36 (evaluation)
Copyright 2000-2010 Microchip Technology Inc.
Days remaining until evaluation becomes feature limited:  12
MPLAB C18 v3.36 (evaluation)
Copyright 2000-2010 Microchip Technology Inc.
Days remaining until evaluation becomes feature limited:  12
MPLAB C18 v3.36 (evaluation)
Copyright 2000-2010 Microchip Technology Inc.
Days remaining until evaluation becomes feature limited:  12
MPLAB C18 v3.36 (evaluation)
Copyright 2000-2010 Microchip Technology Inc.
Days remaining until evaluation becomes feature limited:  12
MPLAB C18 v3.36 (evaluation)
Copyright 2000-2010 Microchip Technology Inc.
Days remaining until evaluation becomes feature limited:  12
MPLAB C18 v3.36 (evaluation)
Copyright 2000-2010 Microchip Technology Inc.
Days remaining until evaluation becomes feature limited:  12
MPLAB C18 v3.36 (evaluation)
Copyright 2000-2010 Microchip Technology Inc.
Days remaining until evaluation becomes feature limited:  12
C:\Flight\Code\UAVX-GKE\outputs.c:334:Warning [2054] suspicious pointer conversion
MPLINK 4.37, Linker
Copyright (c) 1998-2010 Microchip Technology Inc.
Errors    : 0

MP2HEX 4.37, COFF to HEX File Converter
Copyright (c) 1998-2010 Microchip Technology Inc.
Errors    : 0

MPLAB C18 v3.36 (evaluation)
Copyright 2000-2010 Microchip Technology Inc.
Days remaining until evaluation becomes feature limited:  12
MPLAB C18 v3.36 (evaluation)
Copyright 2000-2010 Microchip Technology Inc.
Days remaining until evaluation becomes feature limited:  12
C:\Flight\Code\UAVX-GKE\stats.c:79:Warning [2054] suspicious pointer conversion
C:\Flight\Code\UAVX-GKE\stats.c:83:Warning [2054] suspicious pointer conversion
C:\Flight\Code\UAVX-GKE\stats.c:86:Warning [2054] suspicious pointer conversion
C:\Flight\Code\UAVX-GKE\stats.c:87:Warning [2054] suspicious pointer conversion
C:\Flight\Code\UAVX-GKE\stats.c:88:Warning [2054] suspicious pointer conversion
C:\Flight\Code\UAVX-GKE\stats.c:89:Warning [2054] suspicious pointer conversion
C:\Flight\Code\UAVX-GKE\stats.c:90:Warning [2054] suspicious pointer conversion
C:\Flight\Code\UAVX-GKE\stats.c:91:Warning [2054] suspicious pointer conversion
C:\Flight\Code\UAVX-GKE\stats.c:92:Warning [2054] suspicious pointer conversion
C:\Flight\Code\UAVX-GKE\stats.c:95:Warning [2054] suspicious pointer conversion
C:\Flight\Code\UAVX-GKE\stats.c:97:Warning [2054] suspicious pointer conversion
C:\Flight\Code\UAVX-GKE\stats.c:98:Warning [2054] suspicious pointer conversion
C:\Flight\Code\UAVX-GKE\stats.c:100:Warning [2054] suspicious pointer conversion
C:\Flight\Code\UAVX-GKE\stats.c:101:Warning [2054] suspicious pointer conversion
C:\Flight\Code\UAVX-GKE\stats.c:101:Warning [2054] suspicious pointer conversion
C:\Flight\Code\UAVX-GKE\stats.c:104:Warning [2054] suspicious pointer conversion
C:\Flight\Code\UAVX-GKE\stats.c:105:Warning [2054] suspicious pointer conversion
C:\Flight\Code\UAVX-GKE\stats.c:110:Warning [2054] suspicious pointer conversion
C:\Flight\Code\UAVX-GKE\stats.c:111:Warning [2054] suspicious pointer conversion
C:\Flight\Code\UAVX-GKE\stats.c:114:Warning [2054] suspicious pointer conversion
C:\Flight\Code\UAVX-GKE\stats.c:115:Warning [2054] suspicious pointer conversion
C:\Flight\Code\UAVX-GKE\stats.c:115:Warning [2054] suspicious pointer conversion
C:\Flight\Code\UAVX-GKE\stats.c:117:Warning [2054] suspicious pointer conversion
C:\Flight\Code\UAVX-GKE\stats.c:117:Warning [2054] suspicious pointer conversion
C:\Flight\Code\UAVX-GKE\stats.c:122:Warning [2054] suspicious pointer conversion
C:\Flight\Code\UAVX-GKE\stats.c:128:Warning [2054] suspicious pointer conversion
C:\Flight\Code\UAVX-GKE\stats.c:133:Warning [2054] suspicious pointer conversion
C:\Flight\Code\UAVX-GKE\stats.c:135:Warning [2054] suspicious pointer conversion
MPLAB C18 v3.36 (evaluation)
Copyright 2000-2010 Microchip Technology Inc.
Days remaining until evaluation becomes feature limited:  12
MPLAB C18 v3.36 (evaluation)
Copyright 2000-2010 Microchip Technology Inc.
Days remaining until evaluation becomes feature limited:  12
MPLAB C18 v3.36 (evaluation)
Copyright 2000-2010 Microchip Technology Inc.
Days remaining until evaluation becomes feature limited:  12
C:\Flight\Code\UAVX-GKE\params.c:177:Warning [2054] suspicious pointer conversion
C:\Flight\Code\UAVX-GKE\params.c:178:Warning [2054] suspicious pointer conversion
MPLAB C18 v3.36 (evaluation)
Copyright 2000-2010 Microchip Technology Inc.
Days remaining until evaluation becomes feature limited:  12
C:\Flight\Code\UAVX-GKE\accel.c:55:Warning [2054] suspicious pointer conversion
C:\Flight\Code\UAVX-GKE\accel.c:58:Warning [2054] suspicious pointer conversion
C:\Flight\Code\UAVX-GKE\accel.c:61:Warning [2054] suspicious pointer conversion
C:\Flight\Code\UAVX-GKE\accel.c:205:Warning [2054] suspicious pointer conversion
C:\Flight\Code\UAVX-GKE\accel.c:414:Message [3004] comparison of a signed integer to an unsigned integer detected
MPLAB C18 v3.36 (evaluation)
Copyright 2000-2010 Microchip Technology Inc.
Days remaining until evaluation becomes feature limited:  12
MPLAB C18 v3.36 (evaluation)
Copyright 2000-2010 Microchip Technology Inc.
Days remaining until evaluation becomes feature limited:  12
MPLAB C18 v3.36 (evaluation)
Copyright 2000-2010 Microchip Technology Inc.
Days remaining until evaluation becomes feature limited:  12
C:\Flight\Code\UAVX-GKE\irq.c:259:Message [3004] comparison of a signed integer to an unsigned integer detected
MPLAB C18 v3.36 (evaluation)
Copyright 2000-2010 Microchip Technology Inc.
Days remaining until evaluation becomes feature limited:  12
C:\Flight\Code\UAVX-GKE\menu.c:78:Warning [2054] suspicious pointer conversion
C:\Flight\Code\UAVX-GKE\menu.c:85:Warning [2054] suspicious pointer conversion
C:\Flight\Code\UAVX-GKE\menu.c:87:Warning [2054] suspicious pointer conversion
C:\Flight\Code\UAVX-GKE\menu.c:89:Warning [2054] suspicious pointer conversion
C:\Flight\Code\UAVX-GKE\menu.c:107:Warning [2054] suspicious pointer conversion
C:\Flight\Code\UAVX-GKE\menu.c:112:Warning [2054] suspicious pointer conversion
C:\Flight\Code\UAVX-GKE\menu.c:114:Warning [2054] suspicious pointer conversion
C:\Flight\Code\UAVX-GKE\menu.c:115:Warning [2054] suspicious pointer conversion
C:\Flight\Code\UAVX-GKE\menu.c:116:Warning [2054] suspicious pointer conversion
C:\Flight\Code\UAVX-GKE\menu.c:117:Warning [2054] suspicious pointer conversion
C:\Flight\Code\UAVX-GKE\menu.c:118:Warning [2054] suspicious pointer conversion
C:\Flight\Code\UAVX-GKE\menu.c:119:Warning [2054] suspicious pointer conversion
C:\Flight\Code\UAVX-GKE\menu.c:120:Warning [2054] suspicious pointer conversion
C:\Flight\Code\UAVX-GKE\menu.c:121:Warning [2054] suspicious pointer conversion
C:\Flight\Code\UAVX-GKE\menu.c:126:Warning [2054] suspicious pointer conversion
C:\Flight\Code\UAVX-GKE\menu.c:128:Warning [2054] suspicious pointer conversion
C:\Flight\Code\UAVX-GKE\menu.c:131:Warning [2054] suspicious pointer conversion
C:\Flight\Code\UAVX-GKE\menu.c:135:Warning [2054] suspicious pointer conversion
C:\Flight\Code\UAVX-GKE\menu.c:137:Warning [2054] suspicious pointer conversion
C:\Flight\Code\UAVX-GKE\menu.c:140:Warning [2054] suspicious pointer conversion
C:\Flight\Code\UAVX-GKE\menu.c:143:Warning [2054] suspicious pointer conversion
C:\Flight\Code\UAVX-GKE\menu.c:145:Warning [2054] suspicious pointer conversion
C:\Flight\Code\UAVX-GKE\menu.c:147:Warning [2054] suspicious pointer conversion
C:\Flight\Code\UAVX-GKE\menu.c:151:Warning [2054] suspicious pointer conversion
C:\Flight\Code\UAVX-GKE\menu.c:153:Warning [2054] suspicious pointer conversion
C:\Flight\Code\UAVX-GKE\menu.c:154:Warning [2054] suspicious pointer conversion
C:\Flight\Code\UAVX-GKE\menu.c:155:Warning [2054] suspicious pointer conversion
C:\Flight\Code\UAVX-GKE\menu.c:156:Warning [2054] suspicious pointer conversion
C:\Flight\Code\UAVX-GKE\menu.c:163:Warning [2054] suspicious pointer conversion
C:\Flight\Code\UAVX-GKE\menu.c:165:Warning [2054] suspicious pointer conversion
C:\Flight\Code\UAVX-GKE\menu.c:166:Warning [2054] suspicious pointer conversion
C:\Flight\Code\UAVX-GKE\menu.c:174:Warning [2054] suspicious pointer conversion
C:\Flight\Code\UAVX-GKE\menu.c:177:Warning [2054] suspicious pointer conversion
C:\Flight\Code\UAVX-GKE\menu.c:178:Warning [2054] suspicious pointer conversion
C:\Flight\Code\UAVX-GKE\menu.c:179:Warning [2054] suspicious pointer conversion
C:\Flight\Code\UAVX-GKE\menu.c:180:Warning [2054] suspicious pointer conversion
C:\Flight\Code\UAVX-GKE\menu.c:181:Warning [2054] suspicious pointer conversion
C:\Flight\Code\UAVX-GKE\menu.c:182:Warning [2054] suspicious pointer conversion
C:\Flight\Code\UAVX-GKE\menu.c:183:Warning [2054] suspicious pointer conversion
C:\Flight\Code\UAVX-GKE\menu.c:184:Warning [2054] suspicious pointer conversion
C:\Flight\Code\UAVX-GKE\menu.c:185:Warning [2054] suspicious pointer conversion
C:\Flight\Code\UAVX-GKE\menu.c:186:Warning [2054] suspicious pointer conversion
C:\Flight\Code\UAVX-GKE\menu.c:187:Warning [2054] suspicious pointer conversion
C:\Flight\Code\UAVX-GKE\menu.c:188:Warning [2054] suspicious pointer conversion
C:\Flight\Code\UAVX-GKE\menu.c:189:Warning [2054] suspicious pointer conversion
C:\Flight\Code\UAVX-GKE\menu.c:190:Warning [2054] suspicious pointer conversion
C:\Flight\Code\UAVX-GKE\menu.c:191:Warning [2054] suspicious pointer conversion
C:\Flight\Code\UAVX-GKE\menu.c:192:Warning [2054] suspicious pointer conversion
C:\Flight\Code\UAVX-GKE\menu.c:202:Warning [2054] suspicious pointer conversion
C:\Flight\Code\UAVX-GKE\menu.c:212:Warning [2054] suspicious pointer conversion
C:\Flight\Code\UAVX-GKE\menu.c:214:Warning [2054] suspicious pointer conversion
C:\Flight\Code\UAVX-GKE\menu.c:216:Warning [2054] suspicious pointer conversion
C:\Flight\Code\UAVX-GKE\menu.c:219:Warning [2054] suspicious pointer conversion
C:\Flight\Code\UAVX-GKE\menu.c:223:Warning [2054] suspicious pointer conversion
C:\Flight\Code\UAVX-GKE\menu.c:225:Warning [2054] suspicious pointer conversion
C:\Flight\Code\UAVX-GKE\menu.c:227:Warning [2054] suspicious pointer conversion
C:\Flight\Code\UAVX-GKE\menu.c:229:Warning [2054] suspicious pointer conversion
C:\Flight\Code\UAVX-GKE\menu.c:231:Warning [2054] suspicious pointer conversion
C:\Flight\Code\UAVX-GKE\menu.c:234:Warning [2054] suspicious pointer conversion
C:\Flight\Code\UAVX-GKE\menu.c:236:Warning [2054] suspicious pointer conversion
C:\Flight\Code\UAVX-GKE\menu.c:239:Warning [2054] suspicious pointer conversion
C:\Flight\Code\UAVX-GKE\menu.c:241:Warning [2054] suspicious pointer conversion
C:\Flight\Code\UAVX-GKE\menu.c:243:Warning [2054] suspicious pointer conversion
C:\Flight\Code\UAVX-GKE\menu.c:249:Warning [2054] suspicious pointer conversion
C:\Flight\Code\UAVX-GKE\menu.c:252:Warning [2054] suspicious pointer conversion
C:\Flight\Code\UAVX-GKE\menu.c:254:Warning [2054] suspicious pointer conversion
C:\Flight\Code\UAVX-GKE\menu.c:258:Warning [2054] suspicious pointer conversion
C:\Flight\Code\UAVX-GKE\menu.c:260:Warning [2054] suspicious pointer conversion
C:\Flight\Code\UAVX-GKE\menu.c:263:Warning [2054] suspicious pointer conversion
C:\Flight\Code\UAVX-GKE\menu.c:269:Warning [2054] suspicious pointer conversion
C:\Flight\Code\UAVX-GKE\menu.c:273:Warning [2054] suspicious pointer conversion
C:\Flight\Code\UAVX-GKE\menu.c:276:Warning [2054] suspicious pointer conversion
C:\Flight\Code\UAVX-GKE\menu.c:278:Warning [2054] suspicious pointer conversion
C:\Flight\Code\UAVX-GKE\menu.c:281:Warning [2054] suspicious pointer conversion
C:\Flight\Code\UAVX-GKE\menu.c:284:Warning [2054] suspicious pointer conversion
C:\Flight\Code\UAVX-GKE\menu.c:301:Warning [2058] call of function without prototype
C:\Flight\Code\UAVX-GKE\menu.c:302:Warning [2058] call of function without prototype
C:\Flight\Code\UAVX-GKE\menu.c:320:Warning [2054] suspicious pointer conversion
C:\Flight\Code\UAVX-GKE\menu.c:325:Warning [2054] suspicious pointer conversion
C:\Flight\Code\UAVX-GKE\menu.c:327:Warning [2054] suspicious pointer conversion
C:\Flight\Code\UAVX-GKE\menu.c:335:Warning [2054] suspicious pointer conversion
C:\Flight\Code\UAVX-GKE\menu.c:344:Warning [2054] suspicious pointer conversion
C:\Flight\Code\UAVX-GKE\menu.c:367:Warning [2054] suspicious pointer conversion
C:\Flight\Code\UAVX-GKE\menu.c:370:Warning [2054] suspicious pointer conversion
C:\Flight\Code\UAVX-GKE\menu.c:373:Warning [2054] suspicious pointer conversion
C:\Flight\Code\UAVX-GKE\menu.c:391:Warning [2054] suspicious pointer conversion
C:\Flight\Code\UAVX-GKE\menu.c:392:Warning [2054] suspicious pointer conversion
C:\Flight\Code\UAVX-GKE\menu.c:393:Warning [2054] suspicious pointer conversion
C:\Flight\Code\UAVX-GKE\menu.c:394:Warning [2054] suspicious pointer conversion
C:\Flight\Code\UAVX-GKE\menu.c:395:Warning [2054] suspicious pointer conversion
C:\Flight\Code\UAVX-GKE\menu.c:396:Warning [2054] suspicious pointer conversion
C:\Flight\Code\UAVX-GKE\menu.c:397:Warning [2054] suspicious pointer conversion
MPLAB C18 v3.36 (evaluation)
Copyright 2000-2010 Microchip Technology Inc.
Days remaining until evaluation becomes feature limited:  12
MPLAB C18 v3.36 (evaluation)
Copyright 2000-2010 Microchip Technology Inc.
Days remaining until evaluation becomes feature limited:  12
MPLAB C18 v3.36 (evaluation)
Copyright 2000-2010 Microchip Technology Inc.
Days remaining until evaluation becomes feature limited:  12
C:\Flight\Code\UAVX-GKE\baro.c:601:Warning [2054] suspicious pointer conversion
C:\Flight\Code\UAVX-GKE\baro.c:602:Warning [2054] suspicious pointer conversion
C:\Flight\Code\UAVX-GKE\baro.c:603:Warning [2054] suspicious pointer conversion
C:\Flight\Code\UAVX-GKE\baro.c:604:Warning [2054] suspicious pointer conversion
MPLAB C18 v3.36 (evaluation)
Copyright 2000-2010 Microchip Technology Inc.
Days remaining until evaluation becomes feature limited:  12
C:\Flight\Code\UAVX-GKE\gyro.c:140:Warning [2054] suspicious pointer conversion
C:\Flight\Code\UAVX-GKE\gyro.c:143:Warning [2054] suspicious pointer conversion
C:\Flight\Code\UAVX-GKE\gyro.c:146:Warning [2054] suspicious pointer conversion
C:\Flight\Code\UAVX-GKE\gyro.c:149:Warning [2054] suspicious pointer conversion
C:\Flight\Code\UAVX-GKE\gyro.c:152:Warning [2054] suspicious pointer conversion
C:\Flight\Code\UAVX-GKE\gyro.c:155:Warning [2054] suspicious pointer conversion
C:\Flight\Code\UAVX-GKE\gyro.c:158:Warning [2054] suspicious pointer conversion
C:\Flight\Code\UAVX-GKE\gyro.c:161:Warning [2054] suspicious pointer conversion
MPLAB C18 v3.36 (evaluation)
Copyright 2000-2010 Microchip Technology Inc.
Days remaining until evaluation becomes feature limited:  12
C:\Flight\Code\UAVX-GKE\tests.c:187:Warning [2054] suspicious pointer conversion
C:\Flight\Code\UAVX-GKE\tests.c:191:Warning [2054] suspicious pointer conversion
C:\Flight\Code\UAVX-GKE\tests.c:193:Warning [2054] suspicious pointer conversion
MPLAB C18 v3.36 (evaluation)
Copyright 2000-2010 Microchip Technology Inc.
Days remaining until evaluation becomes feature limited:  12
MPLAB C18 v3.36 (evaluation)
Copyright 2000-2010 Microchip Technology Inc.
Days remaining until evaluation becomes feature limited:  12
MPLAB C18 v3.36 (evaluation)
Copyright 2000-2010 Microchip Technology Inc.
Days remaining until evaluation becomes feature limited:  12
MPLAB C18 v3.36 (evaluation)
Copyright 2000-2010 Microchip Technology Inc.
Days remaining until evaluation becomes feature limited:  12
MPLAB C18 v3.36 (evaluation)
Copyright 2000-2010 Microchip Technology Inc.
Days remaining until evaluation becomes feature limited:  12
MPLAB C18 v3.36 (evaluation)
Copyright 2000-2010 Microchip Technology Inc.
Days remaining until evaluation becomes feature limited:  12
MPLAB C18 v3.36 (evaluation)
Copyright 2000-2010 Microchip Technology Inc.
Days remaining until evaluation becomes feature limited:  12
MPLAB C18 v3.36 (evaluation)
Copyright 2000-2010 Microchip Technology Inc.
Days remaining until evaluation becomes feature limited:  12
MPLAB C18 v3.36 (evaluation)
Copyright 2000-2010 Microchip Technology Inc.
Days remaining until evaluation becomes feature limited:  12
MPLAB C18 v3.36 (evaluation)
Copyright 2000-2010 Microchip Technology Inc.
Days remaining until evaluation becomes feature limited:  12
C:\Flight\Code\UAVX-GKE\outputs.c:334:Warning [2054] suspicious pointer conversion
MPLINK 4.37, Linker
Copyright (c) 1998-2010 Microchip Technology Inc.
Errors    : 0

MP2HEX 4.37, COFF to HEX File Converter
Copyright (c) 1998-2010 Microchip Technology Inc.
Errors    : 0

MPLAB C18 v3.36 (evaluation)
Copyright 2000-2010 Microchip Technology Inc.
Days remaining until evaluation becomes feature limited:  12
MPLAB C18 v3.36 (evaluation)
Copyright 2000-2010 Microchip Technology Inc.
Days remaining until evaluation becomes feature limited:  12
C:\Flight\Code\UAVX-GKE\stats.c:79:Warning [2054] suspicious pointer conversion
C:\Flight\Code\UAVX-GKE\stats.c:83:Warning [2054] suspicious pointer conversion
C:\Flight\Code\UAVX-GKE\stats.c:86:Warning [2054] suspicious pointer conversion
C:\Flight\Code\UAVX-GKE\stats.c:87:Warning [2054] suspicious pointer conversion
C:\Flight\Code\UAVX-GKE\stats.c:88:Warning [2054] suspicious pointer conversion
C:\Flight\Code\UAVX-GKE\stats.c:89:Warning [2054] suspicious pointer conversion
C:\Flight\Code\UAVX-GKE\stats.c:90:Warning [2054] suspicious pointer conversion
C:\Flight\Code\UAVX-GKE\stats.c:91:Warning [2054] suspicious pointer conversion
C:\Flight\Code\UAVX-GKE\stats.c:92:Warning [2054] suspicious pointer conversion
C:\Flight\Code\UAVX-GKE\stats.c:95:Warning [2054] suspicious pointer conversion
C:\Flight\Code\UAVX-GKE\stats.c:97:Warning [2054] suspicious pointer conversion
C:\Flight\Code\UAVX-GKE\stats.c:98:Warning [2054] suspicious pointer conversion
C:\Flight\Code\UAVX-GKE\stats.c:100:Warning [2054] suspicious pointer conversion
C:\Flight\Code\UAVX-GKE\stats.c:101:Warning [2054] suspicious pointer conversion
C:\Flight\Code\UAVX-GKE\stats.c:101:Warning [2054] suspicious pointer conversion
C:\Flight\Code\UAVX-GKE\stats.c:104:Warning [2054] suspicious pointer conversion
C:\Flight\Code\UAVX-GKE\stats.c:105:Warning [2054] suspicious pointer conversion
C:\Flight\Code\UAVX-GKE\stats.c:110:Warning [2054] suspicious pointer conversion
C:\Flight\Code\UAVX-GKE\stats.c:111:Warning [2054] suspicious pointer conversion
C:\Flight\Code\UAVX-GKE\stats.c:114:Warning [2054] suspicious pointer conversion
C:\Flight\Code\UAVX-GKE\stats.c:115:Warning [2054] suspicious pointer conversion
C:\Flight\Code\UAVX-GKE\stats.c:115:Warning [2054] suspicious pointer conversion
C:\Flight\Code\UAVX-GKE\stats.c:117:Warning [2054] suspicious pointer conversion
C:\Flight\Code\UAVX-GKE\stats.c:117:Warning [2054] suspicious pointer conversion
C:\Flight\Code\UAVX-GKE\stats.c:122:Warning [2054] suspicious pointer conversion
C:\Flight\Code\UAVX-GKE\stats.c:128:Warning [2054] suspicious pointer conversion
C:\Flight\Code\UAVX-GKE\stats.c:133:Warning [2054] suspicious pointer conversion
C:\Flight\Code\UAVX-GKE\stats.c:135:Warning [2054] suspicious pointer conversion
MPLAB C18 v3.36 (evaluation)
Copyright 2000-2010 Microchip Technology Inc.
Days remaining until evaluation becomes feature limited:  12
MPLAB C18 v3.36 (evaluation)
Copyright 2000-2010 Microchip Technology Inc.
Days remaining until evaluation becomes feature limited:  12
MPLAB C18 v3.36 (evaluation)
Copyright 2000-2010 Microchip Technology Inc.
Days remaining until evaluation becomes feature limited:  12
C:\Flight\Code\UAVX-GKE\params.c:177:Warning [2054] suspicious pointer conversion
C:\Flight\Code\UAVX-GKE\params.c:178:Warning [2054] suspicious pointer conversion
MPLAB C18 v3.36 (evaluation)
Copyright 2000-2010 Microchip Technology Inc.
Days remaining until evaluation becomes feature limited:  12
C:\Flight\Code\UAVX-GKE\accel.c:55:Warning [2054] suspicious pointer conversion
C:\Flight\Code\UAVX-GKE\accel.c:58:Warning [2054] suspicious pointer conversion
C:\Flight\Code\UAVX-GKE\accel.c:61:Warning [2054] suspicious pointer conversion
C:\Flight\Code\UAVX-GKE\accel.c:205:Warning [2054] suspicious pointer conversion
C:\Flight\Code\UAVX-GKE\accel.c:414:Message [3004] comparison of a signed integer to an unsigned integer detected
MPLAB C18 v3.36 (evaluation)
Copyright 2000-2010 Microchip Technology Inc.
Days remaining until evaluation becomes feature limited:  12
MPLAB C18 v3.36 (evaluation)
Copyright 2000-2010 Microchip Technology Inc.
Days remaining until evaluation becomes feature limited:  12
MPLAB C18 v3.36 (evaluation)
Copyright 2000-2010 Microchip Technology Inc.
Days remaining until evaluation becomes feature limited:  12
C:\Flight\Code\UAVX-GKE\irq.c:259:Message [3004] comparison of a signed integer to an unsigned integer detected
MPLAB C18 v3.36 (evaluation)
Copyright 2000-2010 Microchip Technology Inc.
Days remaining until evaluation becomes feature limited:  12
C:\Flight\Code\UAVX-GKE\menu.c:78:Warning [2054] suspicious pointer conversion
C:\Flight\Code\UAVX-GKE\menu.c:85:Warning [2054] suspicious pointer conversion
C:\Flight\Code\UAVX-GKE\menu.c:87:Warning [2054] suspicious pointer conversion
C:\Flight\Code\UAVX-GKE\menu.c:89:Warning [2054] suspicious pointer conversion
C:\Flight\Code\UAVX-GKE\menu.c:107:Warning [2054] suspicious pointer conversion
C:\Flight\Code\UAVX-GKE\menu.c:112:Warning [2054] suspicious pointer conversion
C:\Flight\Code\UAVX-GKE\menu.c:114:Warning [2054] suspicious pointer conversion
C:\Flight\Code\UAVX-GKE\menu.c:115:Warning [2054] suspicious pointer conversion
C:\Flight\Code\UAVX-GKE\menu.c:116:Warning [2054] suspicious pointer conversion
C:\Flight\Code\UAVX-GKE\menu.c:117:Warning [2054] suspicious pointer conversion
C:\Flight\Code\UAVX-GKE\menu.c:118:Warning [2054] suspicious pointer conversion
C:\Flight\Code\UAVX-GKE\menu.c:119:Warning [2054] suspicious pointer conversion
C:\Flight\Code\UAVX-GKE\menu.c:120:Warning [2054] suspicious pointer conversion
C:\Flight\Code\UAVX-GKE\menu.c:121:Warning [2054] suspicious pointer conversion
C:\Flight\Code\UAVX-GKE\menu.c:126:Warning [2054] suspicious pointer conversion
C:\Flight\Code\UAVX-GKE\menu.c:128:Warning [2054] suspicious pointer conversion
C:\Flight\Code\UAVX-GKE\menu.c:131:Warning [2054] suspicious pointer conversion
C:\Flight\Code\UAVX-GKE\menu.c:135:Warning [2054] suspicious pointer conversion
C:\Flight\Code\UAVX-GKE\menu.c:137:Warning [2054] suspicious pointer conversion
C:\Flight\Code\UAVX-GKE\menu.c:140:Warning [2054] suspicious pointer conversion
C:\Flight\Code\UAVX-GKE\menu.c:143:Warning [2054] suspicious pointer conversion
C:\Flight\Code\UAVX-GKE\menu.c:145:Warning [2054] suspicious pointer conversion
C:\Flight\Code\UAVX-GKE\menu.c:147:Warning [2054] suspicious pointer conversion
C:\Flight\Code\UAVX-GKE\menu.c:151:Warning [2054] suspicious pointer conversion
C:\Flight\Code\UAVX-GKE\menu.c:153:Warning [2054] suspicious pointer conversion
C:\Flight\Code\UAVX-GKE\menu.c:154:Warning [2054] suspicious pointer conversion
C:\Flight\Code\UAVX-GKE\menu.c:155:Warning [2054] suspicious pointer conversion
C:\Flight\Code\UAVX-GKE\menu.c:156:Warning [2054] suspicious pointer conversion
C:\Flight\Code\UAVX-GKE\menu.c:163:Warning [2054] suspicious pointer conversion
C:\Flight\Code\UAVX-GKE\menu.c:165:Warning [2054] suspicious pointer conversion
C:\Flight\Code\UAVX-GKE\menu.c:166:Warning [2054] suspicious pointer conversion
C:\Flight\Code\UAVX-GKE\menu.c:174:Warning [2054] suspicious pointer conversion
C:\Flight\Code\UAVX-GKE\menu.c:177:Warning [2054] suspicious pointer conversion
C:\Flight\Code\UAVX-GKE\menu.c:178:Warning [2054] suspicious pointer conversion
C:\Flight\Code\UAVX-GKE\menu.c:179:Warning [2054] suspicious pointer conversion
C:\Flight\Code\UAVX-GKE\menu.c:180:Warning [2054] suspicious pointer conversion
C:\Flight\Code\UAVX-GKE\menu.c:181:Warning [2054] suspicious pointer conversion
C:\Flight\Code\UAVX-GKE\menu.c:182:Warning [2054] suspicious pointer conversion
C:\Flight\Code\UAVX-GKE\menu.c:183:Warning [2054] suspicious pointer conversion
C:\Flight\Code\UAVX-GKE\menu.c:184:Warning [2054] suspicious pointer conversion
C:\Flight\Code\UAVX-GKE\menu.c:185:Warning [2054] suspicious pointer conversion
C:\Flight\Code\UAVX-GKE\menu.c:186:Warning [2054] suspicious pointer conversion
C:\Flight\Code\UAVX-GKE\menu.c:187:Warning [2054] suspicious pointer conversion
C:\Flight\Code\UAVX-GKE\menu.c:188:Warning [2054] suspicious pointer conversion
C:\Flight\Code\UAVX-GKE\menu.c:189:Warning [2054] suspicious pointer conversion
C:\Flight\Code\UAVX-GKE\menu.c:190:Warning [2054] suspicious pointer conversion
C:\Flight\Code\UAVX-GKE\menu.c:191:Warning [2054] suspicious pointer conversion
C:\Flight\Code\UAVX-GKE\menu.c:192:Warning [2054] suspicious pointer conversion
C:\Flight\Code\UAVX-GKE\menu.c:202:Warning [2054] suspicious pointer conversion
C:\Flight\Code\UAVX-GKE\menu.c:212:Warning [2054] suspicious pointer conversion
C:\Flight\Code\UAVX-GKE\menu.c:214:Warning [2054] suspicious pointer conversion
C:\Flight\Code\UAVX-GKE\menu.c:216:Warning [2054] suspicious pointer conversion
C:\Flight\Code\UAVX-GKE\menu.c:219:Warning [2054] suspicious pointer conversion
C:\Flight\Code\UAVX-GKE\menu.c:223:Warning [2054] suspicious pointer conversion
C:\Flight\Code\UAVX-GKE\menu.c:225:Warning [2054] suspicious pointer conversion
C:\Flight\Code\UAVX-GKE\menu.c:227:Warning [2054] suspicious pointer conversion
C:\Flight\Code\UAVX-GKE\menu.c:229:Warning [2054] suspicious pointer conversion
C:\Flight\Code\UAVX-GKE\menu.c:231:Warning [2054] suspicious pointer conversion
C:\Flight\Code\UAVX-GKE\menu.c:234:Warning [2054] suspicious pointer conversion
C:\Flight\Code\UAVX-GKE\menu.c:236:Warning [2054] suspicious pointer conversion
C:\Flight\Code\UAVX-GKE\menu.c:239:Warning [2054] suspicious pointer conversion
C:\Flight\Code\UAVX-GKE\menu.c:241:Warning [2054] suspicious pointer conversion
C:\Flight\Code\UAVX-GKE\menu.c:243:Warning [2054] suspicious pointer conversion
C:\Flight\Code\UAVX-GKE\menu.c:249:Warning [2054] suspicious pointer conversion
C:\Flight\Code\UAVX-GKE\menu.c:252:Warning [2054] suspicious pointer conversion
C:\Flight\Code\UAVX-GKE\menu.c:254:Warning [2054] suspicious pointer conversion
C:\Flight\Code\UAVX-GKE\menu.c:258:Warning [2054] suspicious pointer conversion
C:\Flight\Code\UAVX-GKE\menu.c:260:Warning [2054] suspicious pointer conversion
C:\Flight\Code\UAVX-GKE\menu.c:263:Warning [2054] suspicious pointer conversion
C:\Flight\Code\UAVX-GKE\menu.c:269:Warning [2054] suspicious pointer conversion
C:\Flight\Code\UAVX-GKE\menu.c:273:Warning [2054] suspicious pointer conversion
C:\Flight\Code\UAVX-GKE\menu.c:276:Warning [2054] suspicious pointer conversion
C:\Flight\Code\UAVX-GKE\menu.c:278:Warning [2054] suspicious pointer conversion
C:\Flight\Code\UAVX-GKE\menu.c:281:Warning [2054] suspicious pointer conversion
C:\Flight\Code\UAVX-GKE\menu.c:284:Warning [2054] suspicious pointer conversion
C:\Flight\Code\UAVX-GKE\menu.c:301:Warning [2058] call of function without prototype
C:\Flight\Code\UAVX-GKE\menu.c:302:Warning [2058] call of function without prototype
C:\Flight\Code\UAVX-GKE\menu.c:320:Warning [2054] suspicious pointer conversion
C:\Flight\Code\UAVX-GKE\menu.c:325:Warning [2054] suspicious pointer conversion
C:\Flight\Code\UAVX-GKE\menu.c:327:Warning [2054] suspicious pointer conversion
C:\Flight\Code\UAVX-GKE\menu.c:335:Warning [2054] suspicious pointer conversion
C:\Flight\Code\UAVX-GKE\menu.c:344:Warning [2054] suspicious pointer conversion
C:\Flight\Code\UAVX-GKE\menu.c:367:Warning [2054] suspicious pointer conversion
C:\Flight\Code\UAVX-GKE\menu.c:370:Warning [2054] suspicious pointer conversion
C:\Flight\Code\UAVX-GKE\menu.c:373:Warning [2054] suspicious pointer conversion
C:\Flight\Code\UAVX-GKE\menu.c:391:Warning [2054] suspicious pointer conversion
C:\Flight\Code\UAVX-GKE\menu.c:392:Warning [2054] suspicious pointer conversion
C:\Flight\Code\UAVX-GKE\menu.c:393:Warning [2054] suspicious pointer conversion
C:\Flight\Code\UAVX-GKE\menu.c:394:Warning [2054] suspicious pointer conversion
C:\Flight\Code\UAVX-GKE\menu.c:395:Warning [2054] suspicious pointer conversion
C:\Flight\Code\UAVX-GKE\menu.c:396:Warning [2054] suspicious pointer conversion
C:\Flight\Code\UAVX-GKE\menu.c:397:Warning [2054] suspicious pointer conversion
MPLAB C18 v3.36 (evaluation)
Copyright 2000-2010 Microchip Technology Inc.
Days remaining until evaluation becomes feature limited:  12
MPLAB C18 v3.36 (evaluation)
Copyright 2000-2010 Microchip Technology Inc.
Days remaining until evaluation becomes feature limited:  12
MPLAB C18 v3.36 (evaluation)
Copyright 2000-2010 Microchip Technology Inc.
Days remaining until evaluation becomes feature limited:  12
C:\Flight\Code\UAVX-GKE\baro.c:601:Warning [2054] suspicious pointer conversion
C:\Flight\Code\UAVX-GKE\baro.c:602:Warning [2054] suspicious pointer conversion
C:\Flight\Code\UAVX-GKE\baro.c:603:Warning [2054] suspicious pointer conversion
C:\Flight\Code\UAVX-GKE\baro.c:604:Warning [2054] suspicious pointer conversion
MPLAB C18 v3.36 (evaluation)
Copyright 2000-2010 Microchip Technology Inc.
Days remaining until evaluation becomes feature limited:  12
C:\Flight\Code\UAVX-GKE\gyro.c:140:Warning [2054] suspicious pointer conversion
C:\Flight\Code\UAVX-GKE\gyro.c:143:Warning [2054] suspicious pointer conversion
C:\Flight\Code\UAVX-GKE\gyro.c:146:Warning [2054] suspicious pointer conversion
C:\Flight\Code\UAVX-GKE\gyro.c:149:Warning [2054] suspicious pointer conversion
C:\Flight\Code\UAVX-GKE\gyro.c:152:Warning [2054] suspicious pointer conversion
C:\Flight\Code\UAVX-GKE\gyro.c:155:Warning [2054] suspicious pointer conversion
C:\Flight\Code\UAVX-GKE\gyro.c:158:Warning [2054] suspicious pointer conversion
C:\Flight\Code\UAVX-GKE\gyro.c:161:Warning [2054] suspicious pointer conversion
MPLAB C18 v3.36 (evaluation)
Copyright 2000-2010 Microchip Technology Inc.
Days remaining until evaluation becomes feature limited:  12
C:\Flight\Code\UAVX-GKE\tests.c:187:Warning [2054] suspicious pointer conversion
C:\Flight\Code\UAVX-GKE\tests.c:191:Warning [2054] suspicious pointer conversion
C:\Flight\Code\UAVX-GKE\tests.c:193:Warning [2054] suspicious pointer conversion
MPLAB C18 v3.36 (evaluation)
Copyright 2000-2010 Microchip Technology Inc.
Days remaining until evaluation becomes feature limited:  12
MPLAB C18 v3.36 (evaluation)
Copyright 2000-2010 Microchip Technology Inc.
Days remaining until evaluation becomes feature limited:  12
MPLAB C18 v3.36 (evaluation)
Copyright 2000-2010 Microchip Technology Inc.
Days remaining until evaluation becomes feature limited:  12
MPLAB C18 v3.36 (evaluation)
Copyright 2000-2010 Microchip Technology Inc.
Days remaining until evaluation becomes feature limited:  12
MPLAB C18 v3.36 (evaluation)
Copyright 2000-2010 Microchip Technology Inc.
Days remaining until evaluation becomes feature limited:  12
MPLAB C18 v3.36 (evaluation)
Copyright 2000-2010 Microchip Technology Inc.
Days remaining until evaluation becomes feature limited:  12
MPLAB C18 v3.36 (evaluation)
Copyright 2000-2010 Microchip Technology Inc.
Days remaining until evaluation becomes feature limited:  12
MPLAB C18 v3.36 (evaluation)
Copyright 2000-2010 Microchip Technology Inc.
Days remaining until evaluation becomes feature limited:  12
MPLAB C18 v3.36 (evaluation)
Copyright 2000-2010 Microchip Technology Inc.
Days remaining until evaluation becomes feature limited:  12
MPLAB C18 v3.36 (evaluation)
Copyright 2000-2010 Microchip Technology Inc.
Days remaining until evaluation becomes feature limited:  12
C:\Flight\Code\UAVX-GKE\outputs.c:334:Warning [2054] suspicious pointer conversion
MPLINK 4.37, Linker
Copyright (c) 1998-2010 Microchip Technology Inc.
Error - Error reading object file 'outputs.o'
Errors    : 1

MPLAB C18 v3.36 (evaluation)
Copyright 2000-2010 Microchip Technology Inc.
Days remaining until evaluation becomes feature limited:  12
MPLAB C18 v3.36 (evaluation)
Copyright 2000-2010 Microchip Technology Inc.
Days remaining until evaluation becomes feature limited:  12
C:\Flight\Code\UAVX-GKE\stats.c:79:Warning [2054] suspicious pointer conversion
C:\Flight\Code\UAVX-GKE\stats.c:83:Warning [2054] suspicious pointer conversion
C:\Flight\Code\UAVX-GKE\stats.c:86:Warning [2054] suspicious pointer conversion
C:\Flight\Code\UAVX-GKE\stats.c:87:Warning [2054] suspicious pointer conversion
C:\Flight\Code\UAVX-GKE\stats.c:88:Warning [2054] suspicious pointer conversion
C:\Flight\Code\UAVX-GKE\stats.c:89:Warning [2054] suspicious pointer conversion
C:\Flight\Code\UAVX-GKE\stats.c:90:Warning [2054] suspicious pointer conversion
C:\Flight\Code\UAVX-GKE\stats.c:91:Warning [2054] suspicious pointer conversion
C:\Flight\Code\UAVX-GKE\stats.c:92:Warning [2054] suspicious pointer conversion
C:\Flight\Code\UAVX-GKE\stats.c:95:Warning [2054] suspicious pointer conversion
C:\Flight\Code\UAVX-GKE\stats.c:97:Warning [2054] suspicious pointer conversion
C:\Flight\Code\UAVX-GKE\stats.c:98:Warning [2054] suspicious pointer conversion
C:\Flight\Code\UAVX-GKE\stats.c:100:Warning [2054] suspicious pointer conversion
C:\Flight\Code\UAVX-GKE\stats.c:101:Warning [2054] suspicious pointer conversion
C:\Flight\Code\UAVX-GKE\stats.c:101:Warning [2054] suspicious pointer conversion
C:\Flight\Code\UAVX-GKE\stats.c:104:Warning [2054] suspicious pointer conversion
C:\Flight\Code\UAVX-GKE\stats.c:105:Warning [2054] suspicious pointer conversion
C:\Flight\Code\UAVX-GKE\stats.c:110:Warning [2054] suspicious pointer conversion
C:\Flight\Code\UAVX-GKE\stats.c:111:Warning [2054] suspicious pointer conversion
C:\Flight\Code\UAVX-GKE\stats.c:114:Warning [2054] suspicious pointer conversion
C:\Flight\Code\UAVX-GKE\stats.c:115:Warning [2054] suspicious pointer conversion
C:\Flight\Code\UAVX-GKE\stats.c:115:Warning [2054] suspicious pointer conversion
C:\Flight\Code\UAVX-GKE\stats.c:117:Warning [2054] suspicious pointer conversion
C:\Flight\Code\UAVX-GKE\stats.c:117:Warning [2054] suspicious pointer conversion
C:\Flight\Code\UAVX-GKE\stats.c:122:Warning [2054] suspicious pointer conversion
C:\Flight\Code\UAVX-GKE\stats.c:128:Warning [2054] suspicious pointer conversion
C:\Flight\Code\UAVX-GKE\stats.c:133:Warning [2054] suspicious pointer conversion
C:\Flight\Code\UAVX-GKE\stats.c:135:Warning [2054] suspicious pointer conversion
